0 verbose cli [
0 verbose cli   '/usr/local/bin/node',
0 verbose cli   '/usr/local/bin/npm',
0 verbose cli   'eslint',
0 verbose cli   '--cache',
0 verbose cli   '--fix'
0 verbose cli ]
1 info using npm@8.3.1
2 info using node@v16.14.0
3 timing npm:load:whichnode Completed in 0ms
4 timing config:load:defaults Completed in 2ms
5 timing config:load:file:/usr/local/lib/node_modules/npm/npmrc Completed in 1ms
6 timing config:load:builtin Completed in 1ms
7 timing config:load:cli Completed in 3ms
8 timing config:load:env Completed in 0ms
9 timing config:load:file:/Users/samuelfayomi/Desktop/omisbright/MobileApp/NewMobileBanking.Frontend.Project/.npmrc Completed in 1ms
10 timing config:load:project Completed in 4ms
11 timing config:load:file:/Users/samuelfayomi/.npmrc Completed in 7ms
12 timing config:load:user Completed in 7ms
13 timing config:load:file:/Users/samuelfayomi/.npm-global/etc/npmrc Completed in 0ms
14 timing config:load:global Completed in 0ms
15 timing config:load:validate Completed in 1ms
16 timing config:load:credentials Completed in 2ms
17 timing config:load:setEnvs Completed in 1ms
18 timing config:load Completed in 21ms
19 timing npm:load:configload Completed in 21ms
20 timing npm:load:setTitle Completed in 24ms
21 timing config:load:flatten Completed in 3ms
22 timing npm:load:display Completed in 5ms
23 verbose logfile /Users/samuelfayomi/Desktop/omisbright/MobileApp/NewMobileBanking.Frontend.Project/--fix/_logs/2022-04-19T09_17_50_688Z-debug-0.log
24 timing npm:load:logFile Completed in 6ms
25 timing npm:load:timers Completed in 0ms
26 timing npm:load:configScope Completed in 0ms
27 timing npm:load Completed in 58ms
28 verbose exit 0
29 timing npm Completed in 378ms
30 verbose code 1
